<?xml version="1.0" encoding="UTF-8" ?>
<testsuite tests="10" failures="0" name="com.casestudy.TestCalculator" time="0.08" errors="0" skipped="0">
  <properties>
[...]
</properties>
  <testcase classname="TestCalculator" name="testDiv()" time="0.056"/>
  <testcase classname="TestCalculator" name="testMul()" time="0"/>
  <testcase classname="TestCalculator" name="testSub()" time="0"/>
  <testcase classname="TestCalculator" name="testSum()" time="0"/>
  <testcase classname="TestCalculator" name="Passed Mul" time="0.008"/>
  <testcase classname="TestCalculator" name="Passed Sub" time="0"/>
  <testcase classname="TestCalculator" name="Passed Sum" time="0.008"/>
  <testcase classname="TestCalculator" name="Failed Sub" time="0"/>
  <testcase classname="TestCalculator" name="Failed Sum" time="0.008"/>
  <testcase classname="TestCalculator" name="Passed Div" time="0"/>
</testsuite>